2013/03/04 08:52:27 [error] [exception.CDbException] could not find driver
2013/03/04 08:52:27 [error] [exception.CDbException] exception 'CDbException' with message 'CDbConnection failed to open the DB connection.' in /opt/yii-1.1.13.e9e4a0/framework/db/CDbConnection.php:387
Stack trace:
#0 /opt/yii-1.1.13.e9e4a0/framework/db/CDbConnection.php(330): CDbConnection->open()
#1 /opt/yii-1.1.13.e9e4a0/framework/db/CDbConnection.php(308): CDbConnection->setActive(true)
#2 /opt/yii-1.1.13.e9e4a0/framework/base/CModule.php(387): CDbConnection->init()
#3 /opt/yii-1.1.13.e9e4a0/framework/base/CApplication.php(438): CModule->getComponent('db')
#4 /opt/yii-1.1.13.e9e4a0/framework/db/ar/CActiveRecord.php(623): CApplication->getDb()
#5 /opt/yii-1.1.13.e9e4a0/framework/db/ar/CActiveRecord.php(2309): CActiveRecord->getDbConnection()
#6 /opt/yii-1.1.13.e9e4a0/framework/db/ar/CActiveRecord.php(387): CActiveRecordMetaData->__construct(Object(Post))
#7 /opt/yii-1.1.13.e9e4a0/framework/web/CActiveDataProvider.php(74): CActiveRecord::model('Post')
#8 /opt/yii-1.1.13.e9e4a0/demos/blog/protected/controllers/PostController.php(132): CActiveDataProvider->__construct('Post', Array)
#9 /opt/yii-1.1.13.e9e4a0/framework/web/actions/CInlineAction.php(49): PostController->actionIndex()
#10 /opt/yii-1.1.13.e9e4a0/framework/web/CController.php(308): CInlineAction->runWithParams(Array)
#11 /opt/yii-1.1.13.e9e4a0/framework/web/filters/CFilterChain.php(133): CController->runAction(Object(CInlineAction))
#12 /opt/yii-1.1.13.e9e4a0/framework/web/filters/CFilter.php(40): CFilterChain->run()
#13 /opt/yii-1.1.13.e9e4a0/framework/web/CController.php(1145): CFilter->filter(Object(CFilterChain))
#14 /opt/yii-1.1.13.e9e4a0/framework/web/filters/CInlineFilter.php(58): CController->filterAccessControl(Object(CFilterChain))
#15 /opt/yii-1.1.13.e9e4a0/framework/web/filters/CFilterChain.php(130): CInlineFilter->filter(Object(CFilterChain))
#16 /opt/yii-1.1.13.e9e4a0/framework/web/CController.php(291): CFilterChain->run()
#17 /opt/yii-1.1.13.e9e4a0/framework/web/CController.php(265): CController->runActionWithFilters(Object(CInlineAction), Array)
#18 /opt/yii-1.1.13.e9e4a0/framework/web/CWebApplication.php(282): CController->run('')
#19 /opt/yii-1.1.13.e9e4a0/framework/web/CWebApplication.php(141): CWebApplication->runController('')
#20 /opt/yii-1.1.13.e9e4a0/framework/base/CApplication.php(169): CWebApplication->processRequest()
#21 /opt/yii-1.1.13.e9e4a0/demos/blog/index.php(11): CApplication->run()
#22 {main}
REQUEST_URI=/yii/demos/blog/
HTTP_REFERER=http://localhost/yii/demos/
---
