2016/05/31 14:30:25 [error] [exception.CHttpException.404] exception 'CHttpException' with message 'El sistema no ha podido encontrar la acción "js" solicitada.' in /var/www/html/carreras/yii/framework/web/CController.php:483
Stack trace:
#0 /var/www/html/carreras/yii/framework/web/CController.php(270): CController->missingAction('js')
#1 /var/www/html/carreras/yii/framework/web/CWebApplication.php(282): CController->run('js')
#2 /var/www/html/carreras/yii/framework/web/CWebApplication.php(141): CWebApplication->runController('detalleCarerra/...')
#3 /var/www/html/carreras/yii/framework/base/CApplication.php(169): CWebApplication->processRequest()
#4 /var/www/html/carreras/index.php(13): CApplication->run()
#5 {main}
REQUEST_URI=/carreras/index.php/detalleCarerra/js/plugins/flot/jquery.flot.js
HTTP_REFERER=http://localhost/carreras/index.php/detalleCarerra/1
---
2016/05/31 14:30:25 [error] [exception.CHttpException.404] exception 'CHttpException' with message 'No es posible resolver la solicitud "images/df.png"' in /var/www/html/carreras/yii/framework/web/CWebApplication.php:286
Stack trace:
#0 /var/www/html/carreras/yii/framework/web/CWebApplication.php(141): CWebApplication->runController('images/df.png')
#1 /var/www/html/carreras/yii/framework/base/CApplication.php(169): CWebApplication->processRequest()
#2 /var/www/html/carreras/index.php(13): CApplication->run()
#3 {main}
REQUEST_URI=/carreras/images/df.png
HTTP_REFERER=http://localhost/carreras/index.php/detalleCarerra/1
---
2016/05/31 14:30:25 [error] [exception.CHttpException.404] exception 'CHttpException' with message 'No es posible resolver la solicitud "css/patterns/header-profile.png"' in /var/www/html/carreras/yii/framework/web/CWebApplication.php:286
Stack trace:
#0 /var/www/html/carreras/yii/framework/web/CWebApplication.php(141): CWebApplication->runController('css/patterns/he...')
#1 /var/www/html/carreras/yii/framework/base/CApplication.php(169): CWebApplication->processRequest()
#2 /var/www/html/carreras/index.php(13): CApplication->run()
#3 {main}
REQUEST_URI=/carreras/css/patterns/header-profile.png
HTTP_REFERER=http://localhost/carreras/css/style.css
---
2016/05/31 14:30:26 [error] [exception.CHttpException.404] exception 'CHttpException' with message 'No es posible resolver la solicitud "css/patterns/header-profile-skin-1.png"' in /var/www/html/carreras/yii/framework/web/CWebApplication.php:286
Stack trace:
#0 /var/www/html/carreras/yii/framework/web/CWebApplication.php(141): CWebApplication->runController('css/patterns/he...')
#1 /var/www/html/carreras/yii/framework/base/CApplication.php(169): CWebApplication->processRequest()
#2 /var/www/html/carreras/index.php(13): CApplication->run()
#3 {main}
REQUEST_URI=/carreras/css/patterns/header-profile-skin-1.png
HTTP_REFERER=http://localhost/carreras/css/style.css
---
2016/05/31 14:30:26 [error] [exception.CHttpException.404] exception 'CHttpException' with message 'No es posible resolver la solicitud "css/patterns/header-profile-skin-2.png"' in /var/www/html/carreras/yii/framework/web/CWebApplication.php:286
Stack trace:
#0 /var/www/html/carreras/yii/framework/web/CWebApplication.php(141): CWebApplication->runController('css/patterns/he...')
#1 /var/www/html/carreras/yii/framework/base/CApplication.php(169): CWebApplication->processRequest()
#2 /var/www/html/carreras/index.php(13): CApplication->run()
#3 {main}
REQUEST_URI=/carreras/css/patterns/header-profile-skin-2.png
HTTP_REFERER=http://localhost/carreras/css/style.css
---
2016/05/31 14:30:26 [error] [exception.CHttpException.404] exception 'CHttpException' with message 'No es posible resolver la solicitud "css/patterns/header-profile-skin-3.png"' in /var/www/html/carreras/yii/framework/web/CWebApplication.php:286
Stack trace:
#0 /var/www/html/carreras/yii/framework/web/CWebApplication.php(141): CWebApplication->runController('css/patterns/he...')
#1 /var/www/html/carreras/yii/framework/base/CApplication.php(169): CWebApplication->processRequest()
#2 /var/www/html/carreras/index.php(13): CApplication->run()
#3 {main}
REQUEST_URI=/carreras/css/patterns/header-profile-skin-3.png
HTTP_REFERER=http://localhost/carreras/css/style.css
---
2016/05/31 14:30:29 [error] [exception.CHttpException.404] exception 'CHttpException' with message 'No es posible resolver la solicitud "css/jquery-confirm.css"' in /var/www/html/carreras/yii/framework/web/CWebApplication.php:286
Stack trace:
#0 /var/www/html/carreras/yii/framework/web/CWebApplication.php(141): CWebApplication->runController('css/jquery-conf...')
#1 /var/www/html/carreras/yii/framework/base/CApplication.php(169): CWebApplication->processRequest()
#2 /var/www/html/carreras/index.php(13): CApplication->run()
#3 {main}
REQUEST_URI=/carreras/css/jquery-confirm.css
HTTP_REFERER=http://localhost/carreras/index.php
---
2016/05/31 14:30:29 [error] [exception.CHttpException.404] exception 'CHttpException' with message 'No es posible resolver la solicitud "css/themes/alertify.core.css"' in /var/www/html/carreras/yii/framework/web/CWebApplication.php:286
Stack trace:
#0 /var/www/html/carreras/yii/framework/web/CWebApplication.php(141): CWebApplication->runController('css/themes/aler...')
#1 /var/www/html/carreras/yii/framework/base/CApplication.php(169): CWebApplication->processRequest()
#2 /var/www/html/carreras/index.php(13): CApplication->run()
#3 {main}
REQUEST_URI=/carreras/css/themes/alertify.core.css
HTTP_REFERER=http://localhost/carreras/index.php
---
2016/05/31 14:30:29 [error] [exception.CHttpException.404] exception 'CHttpException' with message 'No es posible resolver la solicitud "css/themes/alertify.default.css"' in /var/www/html/carreras/yii/framework/web/CWebApplication.php:286
Stack trace:
#0 /var/www/html/carreras/yii/framework/web/CWebApplication.php(141): CWebApplication->runController('css/themes/aler...')
#1 /var/www/html/carreras/yii/framework/base/CApplication.php(169): CWebApplication->processRequest()
#2 /var/www/html/carreras/index.php(13): CApplication->run()
#3 {main}
REQUEST_URI=/carreras/css/themes/alertify.default.css
HTTP_REFERER=http://localhost/carreras/index.php
---
2016/05/31 14:30:30 [error] [exception.CHttpException.404] exception 'CHttpException' with message 'No es posible resolver la solicitud "images/carreras/2015/chihuahua/chihuahua_2015_01.JPG"' in /var/www/html/carreras/yii/framework/web/CWebApplication.php:286
Stack trace:
#0 /var/www/html/carreras/yii/framework/web/CWebApplication.php(141): CWebApplication->runController('images/carreras...')
#1 /var/www/html/carreras/yii/framework/base/CApplication.php(169): CWebApplication->processRequest()
#2 /var/www/html/carreras/index.php(13): CApplication->run()
#3 {main}
REQUEST_URI=/carreras/images/carreras/2015/chihuahua/chihuahua_2015_01.JPG
HTTP_REFERER=http://localhost/carreras/index.php
---
2016/05/31 14:30:30 [error] [exception.CHttpException.404] exception 'CHttpException' with message 'No es posible resolver la solicitud "images/carreras/2015/tijuana/tijuana_2015_34.jpg"' in /var/www/html/carreras/yii/framework/web/CWebApplication.php:286
Stack trace:
#0 /var/www/html/carreras/yii/framework/web/CWebApplication.php(141): CWebApplication->runController('images/carreras...')
#1 /var/www/html/carreras/yii/framework/base/CApplication.php(169): CWebApplication->processRequest()
#2 /var/www/html/carreras/index.php(13): CApplication->run()
#3 {main}
REQUEST_URI=/carreras/images/carreras/2015/tijuana/tijuana_2015_34.jpg
HTTP_REFERER=http://localhost/carreras/index.php
---
2016/05/31 14:36:31 [error] [exception.CHttpException.404] exception 'CHttpException' with message 'No es posible resolver la solicitud "css/jquery-confirm.css"' in /var/www/html/carreras/yii/framework/web/CWebApplication.php:286
Stack trace:
#0 /var/www/html/carreras/yii/framework/web/CWebApplication.php(141): CWebApplication->runController('css/jquery-conf...')
#1 /var/www/html/carreras/yii/framework/base/CApplication.php(169): CWebApplication->processRequest()
#2 /var/www/html/carreras/index.php(13): CApplication->run()
#3 {main}
REQUEST_URI=/carreras/css/jquery-confirm.css
HTTP_REFERER=http://localhost/carreras/index.php
---
2016/05/31 14:36:31 [error] [exception.CHttpException.404] exception 'CHttpException' with message 'No es posible resolver la solicitud "css/themes/alertify.core.css"' in /var/www/html/carreras/yii/framework/web/CWebApplication.php:286
Stack trace:
#0 /var/www/html/carreras/yii/framework/web/CWebApplication.php(141): CWebApplication->runController('css/themes/aler...')
#1 /var/www/html/carreras/yii/framework/base/CApplication.php(169): CWebApplication->processRequest()
#2 /var/www/html/carreras/index.php(13): CApplication->run()
#3 {main}
REQUEST_URI=/carreras/css/themes/alertify.core.css
HTTP_REFERER=http://localhost/carreras/index.php
---
2016/05/31 14:36:31 [error] [exception.CHttpException.404] exception 'CHttpException' with message 'No es posible resolver la solicitud "css/themes/alertify.default.css"' in /var/www/html/carreras/yii/framework/web/CWebApplication.php:286
Stack trace:
#0 /var/www/html/carreras/yii/framework/web/CWebApplication.php(141): CWebApplication->runController('css/themes/aler...')
#1 /var/www/html/carreras/yii/framework/base/CApplication.php(169): CWebApplication->processRequest()
#2 /var/www/html/carreras/index.php(13): CApplication->run()
#3 {main}
REQUEST_URI=/carreras/css/themes/alertify.default.css
HTTP_REFERER=http://localhost/carreras/index.php
---
2016/05/31 14:36:31 [error] [exception.CHttpException.404] exception 'CHttpException' with message 'No es posible resolver la solicitud "images/carreras/2015/chihuahua/chihuahua_2015_01.JPG"' in /var/www/html/carreras/yii/framework/web/CWebApplication.php:286
Stack trace:
#0 /var/www/html/carreras/yii/framework/web/CWebApplication.php(141): CWebApplication->runController('images/carreras...')
#1 /var/www/html/carreras/yii/framework/base/CApplication.php(169): CWebApplication->processRequest()
#2 /var/www/html/carreras/index.php(13): CApplication->run()
#3 {main}
REQUEST_URI=/carreras/images/carreras/2015/chihuahua/chihuahua_2015_01.JPG
HTTP_REFERER=http://localhost/carreras/index.php
---
2016/05/31 14:36:31 [error] [exception.CHttpException.404] exception 'CHttpException' with message 'No es posible resolver la solicitud "images/carreras/2015/tijuana/tijuana_2015_34.jpg"' in /var/www/html/carreras/yii/framework/web/CWebApplication.php:286
Stack trace:
#0 /var/www/html/carreras/yii/framework/web/CWebApplication.php(141): CWebApplication->runController('images/carreras...')
#1 /var/www/html/carreras/yii/framework/base/CApplication.php(169): CWebApplication->processRequest()
#2 /var/www/html/carreras/index.php(13): CApplication->run()
#3 {main}
REQUEST_URI=/carreras/images/carreras/2015/tijuana/tijuana_2015_34.jpg
HTTP_REFERER=http://localhost/carreras/index.php
---
2016/05/31 14:36:32 [error] [exception.CHttpException.404] exception 'CHttpException' with message 'No es posible resolver la solicitud "css/themes/alertify.core.css"' in /var/www/html/carreras/yii/framework/web/CWebApplication.php:286
Stack trace:
#0 /var/www/html/carreras/yii/framework/web/CWebApplication.php(141): CWebApplication->runController('css/themes/aler...')
#1 /var/www/html/carreras/yii/framework/base/CApplication.php(169): CWebApplication->processRequest()
#2 /var/www/html/carreras/index.php(13): CApplication->run()
#3 {main}
REQUEST_URI=/carreras/css/themes/alertify.core.css
HTTP_REFERER=http://localhost/carreras/index.php
---
2016/05/31 14:36:32 [error] [exception.CHttpException.404] exception 'CHttpException' with message 'No es posible resolver la solicitud "css/jquery-confirm.css"' in /var/www/html/carreras/yii/framework/web/CWebApplication.php:286
Stack trace:
#0 /var/www/html/carreras/yii/framework/web/CWebApplication.php(141): CWebApplication->runController('css/jquery-conf...')
#1 /var/www/html/carreras/yii/framework/base/CApplication.php(169): CWebApplication->processRequest()
#2 /var/www/html/carreras/index.php(13): CApplication->run()
#3 {main}
REQUEST_URI=/carreras/css/jquery-confirm.css
HTTP_REFERER=http://localhost/carreras/index.php
---
2016/05/31 14:36:32 [error] [exception.CHttpException.404] exception 'CHttpException' with message 'No es posible resolver la solicitud "css/themes/alertify.default.css"' in /var/www/html/carreras/yii/framework/web/CWebApplication.php:286
Stack trace:
#0 /var/www/html/carreras/yii/framework/web/CWebApplication.php(141): CWebApplication->runController('css/themes/aler...')
#1 /var/www/html/carreras/yii/framework/base/CApplication.php(169): CWebApplication->processRequest()
#2 /var/www/html/carreras/index.php(13): CApplication->run()
#3 {main}
REQUEST_URI=/carreras/css/themes/alertify.default.css
HTTP_REFERER=http://localhost/carreras/index.php
---
2016/05/31 14:36:32 [error] [exception.CHttpException.404] exception 'CHttpException' with message 'No es posible resolver la solicitud "images/carreras/2015/chihuahua/chihuahua_2015_01.JPG"' in /var/www/html/carreras/yii/framework/web/CWebApplication.php:286
Stack trace:
#0 /var/www/html/carreras/yii/framework/web/CWebApplication.php(141): CWebApplication->runController('images/carreras...')
#1 /var/www/html/carreras/yii/framework/base/CApplication.php(169): CWebApplication->processRequest()
#2 /var/www/html/carreras/index.php(13): CApplication->run()
#3 {main}
REQUEST_URI=/carreras/images/carreras/2015/chihuahua/chihuahua_2015_01.JPG
HTTP_REFERER=http://localhost/carreras/index.php
---
2016/05/31 14:36:32 [error] [exception.CHttpException.404] exception 'CHttpException' with message 'No es posible resolver la solicitud "images/carreras/2015/tijuana/tijuana_2015_34.jpg"' in /var/www/html/carreras/yii/framework/web/CWebApplication.php:286
Stack trace:
#0 /var/www/html/carreras/yii/framework/web/CWebApplication.php(141): CWebApplication->runController('images/carreras...')
#1 /var/www/html/carreras/yii/framework/base/CApplication.php(169): CWebApplication->processRequest()
#2 /var/www/html/carreras/index.php(13): CApplication->run()
#3 {main}
REQUEST_URI=/carreras/images/carreras/2015/tijuana/tijuana_2015_34.jpg
HTTP_REFERER=http://localhost/carreras/index.php
---
2016/05/31 14:36:33 [error] [exception.CHttpException.404] exception 'CHttpException' with message 'No es posible resolver la solicitud "css/jquery-confirm.css"' in /var/www/html/carreras/yii/framework/web/CWebApplication.php:286
Stack trace:
#0 /var/www/html/carreras/yii/framework/web/CWebApplication.php(141): CWebApplication->runController('css/jquery-conf...')
#1 /var/www/html/carreras/yii/framework/base/CApplication.php(169): CWebApplication->processRequest()
#2 /var/www/html/carreras/index.php(13): CApplication->run()
#3 {main}
REQUEST_URI=/carreras/css/jquery-confirm.css
HTTP_REFERER=http://localhost/carreras/index.php
---
2016/05/31 14:36:33 [error] [exception.CHttpException.404] exception 'CHttpException' with message 'No es posible resolver la solicitud "css/themes/alertify.default.css"' in /var/www/html/carreras/yii/framework/web/CWebApplication.php:286
Stack trace:
#0 /var/www/html/carreras/yii/framework/web/CWebApplication.php(141): CWebApplication->runController('css/themes/aler...')
#1 /var/www/html/carreras/yii/framework/base/CApplication.php(169): CWebApplication->processRequest()
#2 /var/www/html/carreras/index.php(13): CApplication->run()
#3 {main}
REQUEST_URI=/carreras/css/themes/alertify.default.css
HTTP_REFERER=http://localhost/carreras/index.php
---
2016/05/31 14:36:33 [error] [exception.CHttpException.404] exception 'CHttpException' with message 'No es posible resolver la solicitud "css/themes/alertify.core.css"' in /var/www/html/carreras/yii/framework/web/CWebApplication.php:286
Stack trace:
#0 /var/www/html/carreras/yii/framework/web/CWebApplication.php(141): CWebApplication->runController('css/themes/aler...')
#1 /var/www/html/carreras/yii/framework/base/CApplication.php(169): CWebApplication->processRequest()
#2 /var/www/html/carreras/index.php(13): CApplication->run()
#3 {main}
REQUEST_URI=/carreras/css/themes/alertify.core.css
HTTP_REFERER=http://localhost/carreras/index.php
---
2016/05/31 14:36:33 [error] [exception.CHttpException.404] exception 'CHttpException' with message 'No es posible resolver la solicitud "images/carreras/2015/chihuahua/chihuahua_2015_01.JPG"' in /var/www/html/carreras/yii/framework/web/CWebApplication.php:286
Stack trace:
#0 /var/www/html/carreras/yii/framework/web/CWebApplication.php(141): CWebApplication->runController('images/carreras...')
#1 /var/www/html/carreras/yii/framework/base/CApplication.php(169): CWebApplication->processRequest()
#2 /var/www/html/carreras/index.php(13): CApplication->run()
#3 {main}
REQUEST_URI=/carreras/images/carreras/2015/chihuahua/chihuahua_2015_01.JPG
HTTP_REFERER=http://localhost/carreras/index.php
---
2016/05/31 14:36:33 [error] [exception.CHttpException.404] exception 'CHttpException' with message 'No es posible resolver la solicitud "images/carreras/2015/tijuana/tijuana_2015_34.jpg"' in /var/www/html/carreras/yii/framework/web/CWebApplication.php:286
Stack trace:
#0 /var/www/html/carreras/yii/framework/web/CWebApplication.php(141): CWebApplication->runController('images/carreras...')
#1 /var/www/html/carreras/yii/framework/base/CApplication.php(169): CWebApplication->processRequest()
#2 /var/www/html/carreras/index.php(13): CApplication->run()
#3 {main}
REQUEST_URI=/carreras/images/carreras/2015/tijuana/tijuana_2015_34.jpg
HTTP_REFERER=http://localhost/carreras/index.php
---
2016/05/31 14:37:02 [error] [exception.CHttpException.404] exception 'CHttpException' with message 'No es posible resolver la solicitud "css/jquery-confirm.css"' in /var/www/html/carreras/yii/framework/web/CWebApplication.php:286
Stack trace:
#0 /var/www/html/carreras/yii/framework/web/CWebApplication.php(141): CWebApplication->runController('css/jquery-conf...')
#1 /var/www/html/carreras/yii/framework/base/CApplication.php(169): CWebApplication->processRequest()
#2 /var/www/html/carreras/index.php(13): CApplication->run()
#3 {main}
REQUEST_URI=/carreras/css/jquery-confirm.css
HTTP_REFERER=http://localhost/carreras/index.php
---
2016/05/31 14:37:02 [error] [exception.CHttpException.404] exception 'CHttpException' with message 'No es posible resolver la solicitud "css/themes/alertify.core.css"' in /var/www/html/carreras/yii/framework/web/CWebApplication.php:286
Stack trace:
#0 /var/www/html/carreras/yii/framework/web/CWebApplication.php(141): CWebApplication->runController('css/themes/aler...')
#1 /var/www/html/carreras/yii/framework/base/CApplication.php(169): CWebApplication->processRequest()
#2 /var/www/html/carreras/index.php(13): CApplication->run()
#3 {main}
REQUEST_URI=/carreras/css/themes/alertify.core.css
HTTP_REFERER=http://localhost/carreras/index.php
---
2016/05/31 14:37:02 [error] [exception.CHttpException.404] exception 'CHttpException' with message 'No es posible resolver la solicitud "css/themes/alertify.default.css"' in /var/www/html/carreras/yii/framework/web/CWebApplication.php:286
Stack trace:
#0 /var/www/html/carreras/yii/framework/web/CWebApplication.php(141): CWebApplication->runController('css/themes/aler...')
#1 /var/www/html/carreras/yii/framework/base/CApplication.php(169): CWebApplication->processRequest()
#2 /var/www/html/carreras/index.php(13): CApplication->run()
#3 {main}
REQUEST_URI=/carreras/css/themes/alertify.default.css
HTTP_REFERER=http://localhost/carreras/index.php
---
2016/05/31 14:37:02 [error] [exception.CHttpException.404] exception 'CHttpException' with message 'No es posible resolver la solicitud "images/carreras/2015/chihuahua/chihuahua_2015_01.JPG"' in /var/www/html/carreras/yii/framework/web/CWebApplication.php:286
Stack trace:
#0 /var/www/html/carreras/yii/framework/web/CWebApplication.php(141): CWebApplication->runController('images/carreras...')
#1 /var/www/html/carreras/yii/framework/base/CApplication.php(169): CWebApplication->processRequest()
#2 /var/www/html/carreras/index.php(13): CApplication->run()
#3 {main}
REQUEST_URI=/carreras/images/carreras/2015/chihuahua/chihuahua_2015_01.JPG
HTTP_REFERER=http://localhost/carreras/index.php
---
2016/05/31 14:37:02 [error] [exception.CHttpException.404] exception 'CHttpException' with message 'No es posible resolver la solicitud "images/carreras/2015/tijuana/tijuana_2015_34.jpg"' in /var/www/html/carreras/yii/framework/web/CWebApplication.php:286
Stack trace:
#0 /var/www/html/carreras/yii/framework/web/CWebApplication.php(141): CWebApplication->runController('images/carreras...')
#1 /var/www/html/carreras/yii/framework/base/CApplication.php(169): CWebApplication->processRequest()
#2 /var/www/html/carreras/index.php(13): CApplication->run()
#3 {main}
REQUEST_URI=/carreras/images/carreras/2015/tijuana/tijuana_2015_34.jpg
HTTP_REFERER=http://localhost/carreras/index.php
---
2016/05/31 14:37:03 [error] [exception.CHttpException.404] exception 'CHttpException' with message 'No es posible resolver la solicitud "images/carreras/2015/chihuahua/chihuahua_2015_01.JPG"' in /var/www/html/carreras/yii/framework/web/CWebApplication.php:286
Stack trace:
#0 /var/www/html/carreras/yii/framework/web/CWebApplication.php(141): CWebApplication->runController('images/carreras...')
#1 /var/www/html/carreras/yii/framework/base/CApplication.php(169): CWebApplication->processRequest()
#2 /var/www/html/carreras/index.php(13): CApplication->run()
#3 {main}
REQUEST_URI=/carreras/images/carreras/2015/chihuahua/chihuahua_2015_01.JPG
HTTP_REFERER=http://localhost/carreras/index.php
---
2016/05/31 14:37:03 [error] [exception.CHttpException.404] exception 'CHttpException' with message 'No es posible resolver la solicitud "images/carreras/2015/tijuana/tijuana_2015_34.jpg"' in /var/www/html/carreras/yii/framework/web/CWebApplication.php:286
Stack trace:
#0 /var/www/html/carreras/yii/framework/web/CWebApplication.php(141): CWebApplication->runController('images/carreras...')
#1 /var/www/html/carreras/yii/framework/base/CApplication.php(169): CWebApplication->processRequest()
#2 /var/www/html/carreras/index.php(13): CApplication->run()
#3 {main}
REQUEST_URI=/carreras/images/carreras/2015/tijuana/tijuana_2015_34.jpg
HTTP_REFERER=http://localhost/carreras/index.php
---
2016/05/31 14:37:12 [error] [exception.CHttpException.404] exception 'CHttpException' with message 'No es posible resolver la solicitud "css/jquery-confirm.css"' in /var/www/html/carreras/yii/framework/web/CWebApplication.php:286
Stack trace:
#0 /var/www/html/carreras/yii/framework/web/CWebApplication.php(141): CWebApplication->runController('css/jquery-conf...')
#1 /var/www/html/carreras/yii/framework/base/CApplication.php(169): CWebApplication->processRequest()
#2 /var/www/html/carreras/index.php(13): CApplication->run()
#3 {main}
REQUEST_URI=/carreras/css/jquery-confirm.css
HTTP_REFERER=http://localhost/carreras/index.php?valido=true
---
2016/05/31 14:37:12 [error] [exception.CHttpException.404] exception 'CHttpException' with message 'No es posible resolver la solicitud "css/themes/alertify.core.css"' in /var/www/html/carreras/yii/framework/web/CWebApplication.php:286
Stack trace:
#0 /var/www/html/carreras/yii/framework/web/CWebApplication.php(141): CWebApplication->runController('css/themes/aler...')
#1 /var/www/html/carreras/yii/framework/base/CApplication.php(169): CWebApplication->processRequest()
#2 /var/www/html/carreras/index.php(13): CApplication->run()
#3 {main}
REQUEST_URI=/carreras/css/themes/alertify.core.css
HTTP_REFERER=http://localhost/carreras/index.php?valido=true
---
2016/05/31 14:37:12 [error] [exception.CHttpException.404] exception 'CHttpException' with message 'No es posible resolver la solicitud "css/themes/alertify.default.css"' in /var/www/html/carreras/yii/framework/web/CWebApplication.php:286
Stack trace:
#0 /var/www/html/carreras/yii/framework/web/CWebApplication.php(141): CWebApplication->runController('css/themes/aler...')
#1 /var/www/html/carreras/yii/framework/base/CApplication.php(169): CWebApplication->processRequest()
#2 /var/www/html/carreras/index.php(13): CApplication->run()
#3 {main}
REQUEST_URI=/carreras/css/themes/alertify.default.css
HTTP_REFERER=http://localhost/carreras/index.php?valido=true
---
2016/05/31 14:37:13 [error] [exception.CHttpException.404] exception 'CHttpException' with message 'No es posible resolver la solicitud "images/carreras/2015/chihuahua/chihuahua_2015_01.JPG"' in /var/www/html/carreras/yii/framework/web/CWebApplication.php:286
Stack trace:
#0 /var/www/html/carreras/yii/framework/web/CWebApplication.php(141): CWebApplication->runController('images/carreras...')
#1 /var/www/html/carreras/yii/framework/base/CApplication.php(169): CWebApplication->processRequest()
#2 /var/www/html/carreras/index.php(13): CApplication->run()
#3 {main}
REQUEST_URI=/carreras/images/carreras/2015/chihuahua/chihuahua_2015_01.JPG
HTTP_REFERER=http://localhost/carreras/index.php?valido=true
---
2016/05/31 14:37:13 [error] [exception.CHttpException.404] exception 'CHttpException' with message 'No es posible resolver la solicitud "images/carreras/2015/tijuana/tijuana_2015_34.jpg"' in /var/www/html/carreras/yii/framework/web/CWebApplication.php:286
Stack trace:
#0 /var/www/html/carreras/yii/framework/web/CWebApplication.php(141): CWebApplication->runController('images/carreras...')
#1 /var/www/html/carreras/yii/framework/base/CApplication.php(169): CWebApplication->processRequest()
#2 /var/www/html/carreras/index.php(13): CApplication->run()
#3 {main}
REQUEST_URI=/carreras/images/carreras/2015/tijuana/tijuana_2015_34.jpg
HTTP_REFERER=http://localhost/carreras/index.php?valido=true
---
2016/05/31 14:37:14 [error] [exception.CHttpException.404] exception 'CHttpException' with message 'No es posible resolver la solicitud "css/jquery-confirm.css"' in /var/www/html/carreras/yii/framework/web/CWebApplication.php:286
Stack trace:
#0 /var/www/html/carreras/yii/framework/web/CWebApplication.php(141): CWebApplication->runController('css/jquery-conf...')
#1 /var/www/html/carreras/yii/framework/base/CApplication.php(169): CWebApplication->processRequest()
#2 /var/www/html/carreras/index.php(13): CApplication->run()
#3 {main}
REQUEST_URI=/carreras/css/jquery-confirm.css
HTTP_REFERER=http://localhost/carreras/index.php/registros/create
---
2016/05/31 14:37:14 [error] [exception.CHttpException.404] exception 'CHttpException' with message 'No es posible resolver la solicitud "css/themes/alertify.core.css"' in /var/www/html/carreras/yii/framework/web/CWebApplication.php:286
Stack trace:
#0 /var/www/html/carreras/yii/framework/web/CWebApplication.php(141): CWebApplication->runController('css/themes/aler...')
#1 /var/www/html/carreras/yii/framework/base/CApplication.php(169): CWebApplication->processRequest()
#2 /var/www/html/carreras/index.php(13): CApplication->run()
#3 {main}
REQUEST_URI=/carreras/css/themes/alertify.core.css
HTTP_REFERER=http://localhost/carreras/index.php/registros/create
---
2016/05/31 14:37:14 [error] [exception.CHttpException.404] exception 'CHttpException' with message 'No es posible resolver la solicitud "css/themes/alertify.default.css"' in /var/www/html/carreras/yii/framework/web/CWebApplication.php:286
Stack trace:
#0 /var/www/html/carreras/yii/framework/web/CWebApplication.php(141): CWebApplication->runController('css/themes/aler...')
#1 /var/www/html/carreras/yii/framework/base/CApplication.php(169): CWebApplication->processRequest()
#2 /var/www/html/carreras/index.php(13): CApplication->run()
#3 {main}
REQUEST_URI=/carreras/css/themes/alertify.default.css
HTTP_REFERER=http://localhost/carreras/index.php/registros/create
---
2016/05/31 14:37:35 [error] [php] Undefined variable: carreras (/var/www/html/carreras/protected/views/registros/create.php:27)
Stack trace:
#0 /var/www/html/carreras/yii/framework/web/CController.php(869): RegistrosController->renderFile()
#1 /var/www/html/carreras/yii/framework/web/CController.php(782): RegistrosController->renderPartial()
#2 /var/www/html/carreras/protected/controllers/RegistrosController.php(79): RegistrosController->render()
#3 /var/www/html/carreras/yii/framework/web/actions/CInlineAction.php(49): RegistrosController->actionCreate()
#4 /var/www/html/carreras/yii/framework/web/CController.php(308): CInlineAction->runWithParams()
#5 /var/www/html/carreras/yii/framework/web/filters/CFilterChain.php(133): RegistrosController->runAction()
#6 /var/www/html/carreras/yii/framework/web/filters/CFilter.php(40): CFilterChain->run()
#7 /var/www/html/carreras/yii/framework/web/CController.php(1145): CAccessControlFilter->filter()
#8 /var/www/html/carreras/yii/framework/web/filters/CInlineFilter.php(58): RegistrosController->filterAccessControl()
#9 /var/www/html/carreras/yii/framework/web/filters/CFilterChain.php(130): CInlineFilter->filter()
#10 /var/www/html/carreras/yii/framework/web/CController.php(291): CFilterChain->run()
#11 /var/www/html/carreras/yii/framework/web/CController.php(265): RegistrosController->runActionWithFilters()
#12 /var/www/html/carreras/yii/framework/web/CWebApplication.php(282): RegistrosController->run()
#13 /var/www/html/carreras/yii/framework/web/CWebApplication.php(141): CWebApplication->runController()
#14 /var/www/html/carreras/yii/framework/base/CApplication.php(169): CWebApplication->processRequest()
#15 /var/www/html/carreras/index.php(13): CWebApplication->run()
REQUEST_URI=/carreras/index.php/registros/create
in /var/www/html/carreras/protected/views/registros/create.php (27)
in /var/www/html/carreras/protected/controllers/RegistrosController.php (79)
in /var/www/html/carreras/index.php (13)
2016/05/31 14:38:47 [error] [exception.CHttpException.404] exception 'CHttpException' with message 'No es posible resolver la solicitud "css/jquery-confirm.css"' in /var/www/html/carreras/yii/framework/web/CWebApplication.php:286
Stack trace:
#0 /var/www/html/carreras/yii/framework/web/CWebApplication.php(141): CWebApplication->runController('css/jquery-conf...')
#1 /var/www/html/carreras/yii/framework/base/CApplication.php(169): CWebApplication->processRequest()
#2 /var/www/html/carreras/index.php(13): CApplication->run()
#3 {main}
REQUEST_URI=/carreras/css/jquery-confirm.css
HTTP_REFERER=http://localhost/carreras/index.php/registros/create
---
2016/05/31 14:38:47 [error] [exception.CHttpException.404] exception 'CHttpException' with message 'No es posible resolver la solicitud "css/themes/alertify.core.css"' in /var/www/html/carreras/yii/framework/web/CWebApplication.php:286
Stack trace:
#0 /var/www/html/carreras/yii/framework/web/CWebApplication.php(141): CWebApplication->runController('css/themes/aler...')
#1 /var/www/html/carreras/yii/framework/base/CApplication.php(169): CWebApplication->processRequest()
#2 /var/www/html/carreras/index.php(13): CApplication->run()
#3 {main}
REQUEST_URI=/carreras/css/themes/alertify.core.css
HTTP_REFERER=http://localhost/carreras/index.php/registros/create
---
2016/05/31 14:38:47 [error] [exception.CHttpException.404] exception 'CHttpException' with message 'No es posible resolver la solicitud "css/themes/alertify.default.css"' in /var/www/html/carreras/yii/framework/web/CWebApplication.php:286
Stack trace:
#0 /var/www/html/carreras/yii/framework/web/CWebApplication.php(141): CWebApplication->runController('css/themes/aler...')
#1 /var/www/html/carreras/yii/framework/base/CApplication.php(169): CWebApplication->processRequest()
#2 /var/www/html/carreras/index.php(13): CApplication->run()
#3 {main}
REQUEST_URI=/carreras/css/themes/alertify.default.css
HTTP_REFERER=http://localhost/carreras/index.php/registros/create
---
2016/05/31 14:38:47 [error] [exception.CHttpException.404] exception 'CHttpException' with message 'No es posible resolver la solicitud "images/user-icon.png"' in /var/www/html/carreras/yii/framework/web/CWebApplication.php:286
Stack trace:
#0 /var/www/html/carreras/yii/framework/web/CWebApplication.php(141): CWebApplication->runController('images/user-ico...')
#1 /var/www/html/carreras/yii/framework/base/CApplication.php(169): CWebApplication->processRequest()
#2 /var/www/html/carreras/index.php(13): CApplication->run()
#3 {main}
REQUEST_URI=/carreras/index.php/images/user-icon.png
HTTP_REFERER=http://localhost/carreras/index.php/registros/create
---
2016/05/31 14:38:47 [error] [exception.CHttpException.404] exception 'CHttpException' with message 'No es posible resolver la solicitud "images/user-icon.png"' in /var/www/html/carreras/yii/framework/web/CWebApplication.php:286
Stack trace:
#0 /var/www/html/carreras/yii/framework/web/CWebApplication.php(141): CWebApplication->runController('images/user-ico...')
#1 /var/www/html/carreras/yii/framework/base/CApplication.php(169): CWebApplication->processRequest()
#2 /var/www/html/carreras/index.php(13): CApplication->run()
#3 {main}
REQUEST_URI=/carreras/index.php/images/user-icon.png
HTTP_REFERER=http://localhost/carreras/index.php/registros/create
---
2016/05/31 14:38:50 [error] [exception.CHttpException.404] exception 'CHttpException' with message 'No es posible resolver la solicitud "css/jquery-confirm.css"' in /var/www/html/carreras/yii/framework/web/CWebApplication.php:286
Stack trace:
#0 /var/www/html/carreras/yii/framework/web/CWebApplication.php(141): CWebApplication->runController('css/jquery-conf...')
#1 /var/www/html/carreras/yii/framework/base/CApplication.php(169): CWebApplication->processRequest()
#2 /var/www/html/carreras/index.php(13): CApplication->run()
#3 {main}
REQUEST_URI=/carreras/css/jquery-confirm.css
HTTP_REFERER=http://localhost/carreras/index.php/site/index?valido=true
---
2016/05/31 14:38:50 [error] [exception.CHttpException.404] exception 'CHttpException' with message 'No es posible resolver la solicitud "css/themes/alertify.default.css"' in /var/www/html/carreras/yii/framework/web/CWebApplication.php:286
Stack trace:
#0 /var/www/html/carreras/yii/framework/web/CWebApplication.php(141): CWebApplication->runController('css/themes/aler...')
#1 /var/www/html/carreras/yii/framework/base/CApplication.php(169): CWebApplication->processRequest()
#2 /var/www/html/carreras/index.php(13): CApplication->run()
#3 {main}
REQUEST_URI=/carreras/css/themes/alertify.default.css
HTTP_REFERER=http://localhost/carreras/index.php/site/index?valido=true
---
2016/05/31 14:38:50 [error] [exception.CHttpException.404] exception 'CHttpException' with message 'No es posible resolver la solicitud "css/themes/alertify.core.css"' in /var/www/html/carreras/yii/framework/web/CWebApplication.php:286
Stack trace:
#0 /var/www/html/carreras/yii/framework/web/CWebApplication.php(141): CWebApplication->runController('css/themes/aler...')
#1 /var/www/html/carreras/yii/framework/base/CApplication.php(169): CWebApplication->processRequest()
#2 /var/www/html/carreras/index.php(13): CApplication->run()
#3 {main}
REQUEST_URI=/carreras/css/themes/alertify.core.css
HTTP_REFERER=http://localhost/carreras/index.php/site/index?valido=true
---
2016/05/31 14:38:51 [error] [exception.CHttpException.404] exception 'CHttpException' with message 'No es posible resolver la solicitud "images/carreras/2015/chihuahua/chihuahua_2015_01.JPG"' in /var/www/html/carreras/yii/framework/web/CWebApplication.php:286
Stack trace:
#0 /var/www/html/carreras/yii/framework/web/CWebApplication.php(141): CWebApplication->runController('images/carreras...')
#1 /var/www/html/carreras/yii/framework/base/CApplication.php(169): CWebApplication->processRequest()
#2 /var/www/html/carreras/index.php(13): CApplication->run()
#3 {main}
REQUEST_URI=/carreras/images/carreras/2015/chihuahua/chihuahua_2015_01.JPG
HTTP_REFERER=http://localhost/carreras/index.php/site/index?valido=true
---
2016/05/31 14:38:51 [error] [exception.CHttpException.404] exception 'CHttpException' with message 'No es posible resolver la solicitud "images/carreras/2015/tijuana/tijuana_2015_34.jpg"' in /var/www/html/carreras/yii/framework/web/CWebApplication.php:286
Stack trace:
#0 /var/www/html/carreras/yii/framework/web/CWebApplication.php(141): CWebApplication->runController('images/carreras...')
#1 /var/www/html/carreras/yii/framework/base/CApplication.php(169): CWebApplication->processRequest()
#2 /var/www/html/carreras/index.php(13): CApplication->run()
#3 {main}
REQUEST_URI=/carreras/images/carreras/2015/tijuana/tijuana_2015_34.jpg
HTTP_REFERER=http://localhost/carreras/index.php/site/index?valido=true
---
2016/05/31 14:38:54 [error] [exception.CHttpException.404] exception 'CHttpException' with message 'No es posible resolver la solicitud "css/jquery-confirm.css"' in /var/www/html/carreras/yii/framework/web/CWebApplication.php:286
Stack trace:
#0 /var/www/html/carreras/yii/framework/web/CWebApplication.php(141): CWebApplication->runController('css/jquery-conf...')
#1 /var/www/html/carreras/yii/framework/base/CApplication.php(169): CWebApplication->processRequest()
#2 /var/www/html/carreras/index.php(13): CApplication->run()
#3 {main}
REQUEST_URI=/carreras/css/jquery-confirm.css
HTTP_REFERER=http://localhost/carreras/index.php/registros/create
---
2016/05/31 14:38:54 [error] [exception.CHttpException.404] exception 'CHttpException' with message 'No es posible resolver la solicitud "css/themes/alertify.core.css"' in /var/www/html/carreras/yii/framework/web/CWebApplication.php:286
Stack trace:
#0 /var/www/html/carreras/yii/framework/web/CWebApplication.php(141): CWebApplication->runController('css/themes/aler...')
#1 /var/www/html/carreras/yii/framework/base/CApplication.php(169): CWebApplication->processRequest()
#2 /var/www/html/carreras/index.php(13): CApplication->run()
#3 {main}
REQUEST_URI=/carreras/css/themes/alertify.core.css
HTTP_REFERER=http://localhost/carreras/index.php/registros/create
---
2016/05/31 14:38:54 [error] [exception.CHttpException.404] exception 'CHttpException' with message 'No es posible resolver la solicitud "css/themes/alertify.default.css"' in /var/www/html/carreras/yii/framework/web/CWebApplication.php:286
Stack trace:
#0 /var/www/html/carreras/yii/framework/web/CWebApplication.php(141): CWebApplication->runController('css/themes/aler...')
#1 /var/www/html/carreras/yii/framework/base/CApplication.php(169): CWebApplication->processRequest()
#2 /var/www/html/carreras/index.php(13): CApplication->run()
#3 {main}
REQUEST_URI=/carreras/css/themes/alertify.default.css
HTTP_REFERER=http://localhost/carreras/index.php/registros/create
---
2016/05/31 14:38:54 [error] [exception.CHttpException.404] exception 'CHttpException' with message 'No es posible resolver la solicitud "images/user-icon.png"' in /var/www/html/carreras/yii/framework/web/CWebApplication.php:286
Stack trace:
#0 /var/www/html/carreras/yii/framework/web/CWebApplication.php(141): CWebApplication->runController('images/user-ico...')
#1 /var/www/html/carreras/yii/framework/base/CApplication.php(169): CWebApplication->processRequest()
#2 /var/www/html/carreras/index.php(13): CApplication->run()
#3 {main}
REQUEST_URI=/carreras/index.php/images/user-icon.png
HTTP_REFERER=http://localhost/carreras/index.php/registros/create
---
2016/05/31 14:38:54 [error] [exception.CHttpException.404] exception 'CHttpException' with message 'No es posible resolver la solicitud "images/user-icon.png"' in /var/www/html/carreras/yii/framework/web/CWebApplication.php:286
Stack trace:
#0 /var/www/html/carreras/yii/framework/web/CWebApplication.php(141): CWebApplication->runController('images/user-ico...')
#1 /var/www/html/carreras/yii/framework/base/CApplication.php(169): CWebApplication->processRequest()
#2 /var/www/html/carreras/index.php(13): CApplication->run()
#3 {main}
REQUEST_URI=/carreras/index.php/images/user-icon.png
HTTP_REFERER=http://localhost/carreras/index.php/registros/create
---
2016/05/31 14:38:58 [error] [exception.CHttpException.404] exception 'CHttpException' with message 'No es posible resolver la solicitud "css/jquery-confirm.css"' in /var/www/html/carreras/yii/framework/web/CWebApplication.php:286
Stack trace:
#0 /var/www/html/carreras/yii/framework/web/CWebApplication.php(141): CWebApplication->runController('css/jquery-conf...')
#1 /var/www/html/carreras/yii/framework/base/CApplication.php(169): CWebApplication->processRequest()
#2 /var/www/html/carreras/index.php(13): CApplication->run()
#3 {main}
REQUEST_URI=/carreras/css/jquery-confirm.css
HTTP_REFERER=http://localhost/carreras/index.php/site/index?valido=true
---
2016/05/31 14:38:58 [error] [exception.CHttpException.404] exception 'CHttpException' with message 'No es posible resolver la solicitud "css/themes/alertify.core.css"' in /var/www/html/carreras/yii/framework/web/CWebApplication.php:286
Stack trace:
#0 /var/www/html/carreras/yii/framework/web/CWebApplication.php(141): CWebApplication->runController('css/themes/aler...')
#1 /var/www/html/carreras/yii/framework/base/CApplication.php(169): CWebApplication->processRequest()
#2 /var/www/html/carreras/index.php(13): CApplication->run()
#3 {main}
REQUEST_URI=/carreras/css/themes/alertify.core.css
HTTP_REFERER=http://localhost/carreras/index.php/site/index?valido=true
---
2016/05/31 14:38:58 [error] [exception.CHttpException.404] exception 'CHttpException' with message 'No es posible resolver la solicitud "css/themes/alertify.default.css"' in /var/www/html/carreras/yii/framework/web/CWebApplication.php:286
Stack trace:
#0 /var/www/html/carreras/yii/framework/web/CWebApplication.php(141): CWebApplication->runController('css/themes/aler...')
#1 /var/www/html/carreras/yii/framework/base/CApplication.php(169): CWebApplication->processRequest()
#2 /var/www/html/carreras/index.php(13): CApplication->run()
#3 {main}
REQUEST_URI=/carreras/css/themes/alertify.default.css
HTTP_REFERER=http://localhost/carreras/index.php/site/index?valido=true
---
2016/05/31 14:38:58 [error] [exception.CHttpException.404] exception 'CHttpException' with message 'No es posible resolver la solicitud "images/carreras/2015/chihuahua/chihuahua_2015_01.JPG"' in /var/www/html/carreras/yii/framework/web/CWebApplication.php:286
Stack trace:
#0 /var/www/html/carreras/yii/framework/web/CWebApplication.php(141): CWebApplication->runController('images/carreras...')
#1 /var/www/html/carreras/yii/framework/base/CApplication.php(169): CWebApplication->processRequest()
#2 /var/www/html/carreras/index.php(13): CApplication->run()
#3 {main}
REQUEST_URI=/carreras/images/carreras/2015/chihuahua/chihuahua_2015_01.JPG
HTTP_REFERER=http://localhost/carreras/index.php/site/index?valido=true
---
2016/05/31 14:38:58 [error] [exception.CHttpException.404] exception 'CHttpException' with message 'No es posible resolver la solicitud "images/carreras/2015/tijuana/tijuana_2015_34.jpg"' in /var/www/html/carreras/yii/framework/web/CWebApplication.php:286
Stack trace:
#0 /var/www/html/carreras/yii/framework/web/CWebApplication.php(141): CWebApplication->runController('images/carreras...')
#1 /var/www/html/carreras/yii/framework/base/CApplication.php(169): CWebApplication->processRequest()
#2 /var/www/html/carreras/index.php(13): CApplication->run()
#3 {main}
REQUEST_URI=/carreras/images/carreras/2015/tijuana/tijuana_2015_34.jpg
HTTP_REFERER=http://localhost/carreras/index.php/site/index?valido=true
---
2016/05/31 14:39:04 [error] [exception.CHttpException.404] exception 'CHttpException' with message 'No es posible resolver la solicitud "css/jquery-confirm.css"' in /var/www/html/carreras/yii/framework/web/CWebApplication.php:286
Stack trace:
#0 /var/www/html/carreras/yii/framework/web/CWebApplication.php(141): CWebApplication->runController('css/jquery-conf...')
#1 /var/www/html/carreras/yii/framework/base/CApplication.php(169): CWebApplication->processRequest()
#2 /var/www/html/carreras/index.php(13): CApplication->run()
#3 {main}
REQUEST_URI=/carreras/css/jquery-confirm.css
HTTP_REFERER=http://localhost/carreras/index.php/registros/create
---
2016/05/31 14:39:04 [error] [exception.CHttpException.404] exception 'CHttpException' with message 'No es posible resolver la solicitud "css/themes/alertify.core.css"' in /var/www/html/carreras/yii/framework/web/CWebApplication.php:286
Stack trace:
#0 /var/www/html/carreras/yii/framework/web/CWebApplication.php(141): CWebApplication->runController('css/themes/aler...')
#1 /var/www/html/carreras/yii/framework/base/CApplication.php(169): CWebApplication->processRequest()
#2 /var/www/html/carreras/index.php(13): CApplication->run()
#3 {main}
REQUEST_URI=/carreras/css/themes/alertify.core.css
HTTP_REFERER=http://localhost/carreras/index.php/registros/create
---
2016/05/31 14:39:04 [error] [exception.CHttpException.404] exception 'CHttpException' with message 'No es posible resolver la solicitud "css/themes/alertify.default.css"' in /var/www/html/carreras/yii/framework/web/CWebApplication.php:286
Stack trace:
#0 /var/www/html/carreras/yii/framework/web/CWebApplication.php(141): CWebApplication->runController('css/themes/aler...')
#1 /var/www/html/carreras/yii/framework/base/CApplication.php(169): CWebApplication->processRequest()
#2 /var/www/html/carreras/index.php(13): CApplication->run()
#3 {main}
REQUEST_URI=/carreras/css/themes/alertify.default.css
HTTP_REFERER=http://localhost/carreras/index.php/registros/create
---
2016/05/31 14:39:04 [error] [exception.CHttpException.404] exception 'CHttpException' with message 'No es posible resolver la solicitud "images/user-icon.png"' in /var/www/html/carreras/yii/framework/web/CWebApplication.php:286
Stack trace:
#0 /var/www/html/carreras/yii/framework/web/CWebApplication.php(141): CWebApplication->runController('images/user-ico...')
#1 /var/www/html/carreras/yii/framework/base/CApplication.php(169): CWebApplication->processRequest()
#2 /var/www/html/carreras/index.php(13): CApplication->run()
#3 {main}
REQUEST_URI=/carreras/index.php/images/user-icon.png
HTTP_REFERER=http://localhost/carreras/index.php/registros/create
---
2016/05/31 14:39:04 [error] [exception.CHttpException.404] exception 'CHttpException' with message 'No es posible resolver la solicitud "images/user-icon.png"' in /var/www/html/carreras/yii/framework/web/CWebApplication.php:286
Stack trace:
#0 /var/www/html/carreras/yii/framework/web/CWebApplication.php(141): CWebApplication->runController('images/user-ico...')
#1 /var/www/html/carreras/yii/framework/base/CApplication.php(169): CWebApplication->processRequest()
#2 /var/www/html/carreras/index.php(13): CApplication->run()
#3 {main}
REQUEST_URI=/carreras/index.php/images/user-icon.png
HTTP_REFERER=http://localhost/carreras/index.php/registros/create
---
2016/05/31 14:39:45 [error] [exception.CHttpException.404] exception 'CHttpException' with message 'No es posible resolver la solicitud "css/jquery-confirm.css"' in /var/www/html/carreras/yii/framework/web/CWebApplication.php:286
Stack trace:
#0 /var/www/html/carreras/yii/framework/web/CWebApplication.php(141): CWebApplication->runController('css/jquery-conf...')
#1 /var/www/html/carreras/yii/framework/base/CApplication.php(169): CWebApplication->processRequest()
#2 /var/www/html/carreras/index.php(13): CApplication->run()
#3 {main}
REQUEST_URI=/carreras/css/jquery-confirm.css
HTTP_REFERER=http://localhost/carreras/index.php/registros/create
---
2016/05/31 14:39:45 [error] [exception.CHttpException.404] exception 'CHttpException' with message 'No es posible resolver la solicitud "css/themes/alertify.core.css"' in /var/www/html/carreras/yii/framework/web/CWebApplication.php:286
Stack trace:
#0 /var/www/html/carreras/yii/framework/web/CWebApplication.php(141): CWebApplication->runController('css/themes/aler...')
#1 /var/www/html/carreras/yii/framework/base/CApplication.php(169): CWebApplication->processRequest()
#2 /var/www/html/carreras/index.php(13): CApplication->run()
#3 {main}
REQUEST_URI=/carreras/css/themes/alertify.core.css
HTTP_REFERER=http://localhost/carreras/index.php/registros/create
---
2016/05/31 14:39:45 [error] [exception.CHttpException.404] exception 'CHttpException' with message 'No es posible resolver la solicitud "css/themes/alertify.default.css"' in /var/www/html/carreras/yii/framework/web/CWebApplication.php:286
Stack trace:
#0 /var/www/html/carreras/yii/framework/web/CWebApplication.php(141): CWebApplication->runController('css/themes/aler...')
#1 /var/www/html/carreras/yii/framework/base/CApplication.php(169): CWebApplication->processRequest()
#2 /var/www/html/carreras/index.php(13): CApplication->run()
#3 {main}
REQUEST_URI=/carreras/css/themes/alertify.default.css
HTTP_REFERER=http://localhost/carreras/index.php/registros/create
---
2016/05/31 14:39:45 [error] [exception.CHttpException.404] exception 'CHttpException' with message 'No es posible resolver la solicitud "images/user-icon.png"' in /var/www/html/carreras/yii/framework/web/CWebApplication.php:286
Stack trace:
#0 /var/www/html/carreras/yii/framework/web/CWebApplication.php(141): CWebApplication->runController('images/user-ico...')
#1 /var/www/html/carreras/yii/framework/base/CApplication.php(169): CWebApplication->processRequest()
#2 /var/www/html/carreras/index.php(13): CApplication->run()
#3 {main}
REQUEST_URI=/carreras/index.php/images/user-icon.png
HTTP_REFERER=http://localhost/carreras/index.php/registros/create
---
2016/05/31 14:39:45 [error] [exception.CHttpException.404] exception 'CHttpException' with message 'No es posible resolver la solicitud "images/user-icon.png"' in /var/www/html/carreras/yii/framework/web/CWebApplication.php:286
Stack trace:
#0 /var/www/html/carreras/yii/framework/web/CWebApplication.php(141): CWebApplication->runController('images/user-ico...')
#1 /var/www/html/carreras/yii/framework/base/CApplication.php(169): CWebApplication->processRequest()
#2 /var/www/html/carreras/index.php(13): CApplication->run()
#3 {main}
REQUEST_URI=/carreras/index.php/images/user-icon.png
HTTP_REFERER=http://localhost/carreras/index.php/registros/create
---
2016/05/31 14:40:31 [error] [exception.CHttpException.404] exception 'CHttpException' with message 'No es posible resolver la solicitud "css/jquery-confirm.css"' in /var/www/html/carreras/yii/framework/web/CWebApplication.php:286
Stack trace:
#0 /var/www/html/carreras/yii/framework/web/CWebApplication.php(141): CWebApplication->runController('css/jquery-conf...')
#1 /var/www/html/carreras/yii/framework/base/CApplication.php(169): CWebApplication->processRequest()
#2 /var/www/html/carreras/index.php(13): CApplication->run()
#3 {main}
REQUEST_URI=/carreras/css/jquery-confirm.css
HTTP_REFERER=http://localhost/carreras/index.php/registros/create
---
2016/05/31 14:40:31 [error] [exception.CHttpException.404] exception 'CHttpException' with message 'No es posible resolver la solicitud "css/themes/alertify.default.css"' in /var/www/html/carreras/yii/framework/web/CWebApplication.php:286
Stack trace:
#0 /var/www/html/carreras/yii/framework/web/CWebApplication.php(141): CWebApplication->runController('css/themes/aler...')
#1 /var/www/html/carreras/yii/framework/base/CApplication.php(169): CWebApplication->processRequest()
#2 /var/www/html/carreras/index.php(13): CApplication->run()
#3 {main}
REQUEST_URI=/carreras/css/themes/alertify.default.css
HTTP_REFERER=http://localhost/carreras/index.php/registros/create
---
2016/05/31 14:40:31 [error] [exception.CHttpException.404] exception 'CHttpException' with message 'No es posible resolver la solicitud "css/themes/alertify.core.css"' in /var/www/html/carreras/yii/framework/web/CWebApplication.php:286
Stack trace:
#0 /var/www/html/carreras/yii/framework/web/CWebApplication.php(141): CWebApplication->runController('css/themes/aler...')
#1 /var/www/html/carreras/yii/framework/base/CApplication.php(169): CWebApplication->processRequest()
#2 /var/www/html/carreras/index.php(13): CApplication->run()
#3 {main}
REQUEST_URI=/carreras/css/themes/alertify.core.css
HTTP_REFERER=http://localhost/carreras/index.php/registros/create
---
2016/05/31 14:40:31 [error] [exception.CHttpException.404] exception 'CHttpException' with message 'No es posible resolver la solicitud "images/user-icon.png"' in /var/www/html/carreras/yii/framework/web/CWebApplication.php:286
Stack trace:
#0 /var/www/html/carreras/yii/framework/web/CWebApplication.php(141): CWebApplication->runController('images/user-ico...')
#1 /var/www/html/carreras/yii/framework/base/CApplication.php(169): CWebApplication->processRequest()
#2 /var/www/html/carreras/index.php(13): CApplication->run()
#3 {main}
REQUEST_URI=/carreras/index.php/images/user-icon.png
HTTP_REFERER=http://localhost/carreras/index.php/registros/create
---
2016/05/31 14:40:31 [error] [exception.CHttpException.404] exception 'CHttpException' with message 'No es posible resolver la solicitud "images/user-icon.png"' in /var/www/html/carreras/yii/framework/web/CWebApplication.php:286
Stack trace:
#0 /var/www/html/carreras/yii/framework/web/CWebApplication.php(141): CWebApplication->runController('images/user-ico...')
#1 /var/www/html/carreras/yii/framework/base/CApplication.php(169): CWebApplication->processRequest()
#2 /var/www/html/carreras/index.php(13): CApplication->run()
#3 {main}
REQUEST_URI=/carreras/index.php/images/user-icon.png
HTTP_REFERER=http://localhost/carreras/index.php/registros/create
---
2016/05/31 14:40:52 [error] [exception.CHttpException.404] exception 'CHttpException' with message 'No es posible resolver la solicitud "css/jquery-confirm.css"' in /var/www/html/carreras/yii/framework/web/CWebApplication.php:286
Stack trace:
#0 /var/www/html/carreras/yii/framework/web/CWebApplication.php(141): CWebApplication->runController('css/jquery-conf...')
#1 /var/www/html/carreras/yii/framework/base/CApplication.php(169): CWebApplication->processRequest()
#2 /var/www/html/carreras/index.php(13): CApplication->run()
#3 {main}
REQUEST_URI=/carreras/css/jquery-confirm.css
HTTP_REFERER=http://localhost/carreras/index.php/registros/create
---
2016/05/31 14:40:52 [error] [exception.CHttpException.404] exception 'CHttpException' with message 'No es posible resolver la solicitud "css/themes/alertify.core.css"' in /var/www/html/carreras/yii/framework/web/CWebApplication.php:286
Stack trace:
#0 /var/www/html/carreras/yii/framework/web/CWebApplication.php(141): CWebApplication->runController('css/themes/aler...')
#1 /var/www/html/carreras/yii/framework/base/CApplication.php(169): CWebApplication->processRequest()
#2 /var/www/html/carreras/index.php(13): CApplication->run()
#3 {main}
REQUEST_URI=/carreras/css/themes/alertify.core.css
HTTP_REFERER=http://localhost/carreras/index.php/registros/create
---
2016/05/31 14:40:52 [error] [exception.CHttpException.404] exception 'CHttpException' with message 'No es posible resolver la solicitud "css/themes/alertify.default.css"' in /var/www/html/carreras/yii/framework/web/CWebApplication.php:286
Stack trace:
#0 /var/www/html/carreras/yii/framework/web/CWebApplication.php(141): CWebApplication->runController('css/themes/aler...')
#1 /var/www/html/carreras/yii/framework/base/CApplication.php(169): CWebApplication->processRequest()
#2 /var/www/html/carreras/index.php(13): CApplication->run()
#3 {main}
REQUEST_URI=/carreras/css/themes/alertify.default.css
HTTP_REFERER=http://localhost/carreras/index.php/registros/create
---
2016/05/31 14:40:52 [error] [exception.CHttpException.404] exception 'CHttpException' with message 'No es posible resolver la solicitud "images/user-icon.png"' in /var/www/html/carreras/yii/framework/web/CWebApplication.php:286
Stack trace:
#0 /var/www/html/carreras/yii/framework/web/CWebApplication.php(141): CWebApplication->runController('images/user-ico...')
#1 /var/www/html/carreras/yii/framework/base/CApplication.php(169): CWebApplication->processRequest()
#2 /var/www/html/carreras/index.php(13): CApplication->run()
#3 {main}
REQUEST_URI=/carreras/index.php/images/user-icon.png
HTTP_REFERER=http://localhost/carreras/index.php/registros/create
---
2016/05/31 14:40:53 [error] [exception.CHttpException.404] exception 'CHttpException' with message 'No es posible resolver la solicitud "images/user-icon.png"' in /var/www/html/carreras/yii/framework/web/CWebApplication.php:286
Stack trace:
#0 /var/www/html/carreras/yii/framework/web/CWebApplication.php(141): CWebApplication->runController('images/user-ico...')
#1 /var/www/html/carreras/yii/framework/base/CApplication.php(169): CWebApplication->processRequest()
#2 /var/www/html/carreras/index.php(13): CApplication->run()
#3 {main}
REQUEST_URI=/carreras/index.php/images/user-icon.png
HTTP_REFERER=http://localhost/carreras/index.php/registros/create
---
2016/05/31 14:41:06 [error] [exception.CHttpException.404] exception 'CHttpException' with message 'No es posible resolver la solicitud "css/jquery-confirm.css"' in /var/www/html/carreras/yii/framework/web/CWebApplication.php:286
Stack trace:
#0 /var/www/html/carreras/yii/framework/web/CWebApplication.php(141): CWebApplication->runController('css/jquery-conf...')
#1 /var/www/html/carreras/yii/framework/base/CApplication.php(169): CWebApplication->processRequest()
#2 /var/www/html/carreras/index.php(13): CApplication->run()
#3 {main}
REQUEST_URI=/carreras/css/jquery-confirm.css
HTTP_REFERER=http://localhost/carreras/index.php/registros/create
---
2016/05/31 14:41:06 [error] [exception.CHttpException.404] exception 'CHttpException' with message 'No es posible resolver la solicitud "css/themes/alertify.core.css"' in /var/www/html/carreras/yii/framework/web/CWebApplication.php:286
Stack trace:
#0 /var/www/html/carreras/yii/framework/web/CWebApplication.php(141): CWebApplication->runController('css/themes/aler...')
#1 /var/www/html/carreras/yii/framework/base/CApplication.php(169): CWebApplication->processRequest()
#2 /var/www/html/carreras/index.php(13): CApplication->run()
#3 {main}
REQUEST_URI=/carreras/css/themes/alertify.core.css
HTTP_REFERER=http://localhost/carreras/index.php/registros/create
---
2016/05/31 14:41:06 [error] [exception.CHttpException.404] exception 'CHttpException' with message 'No es posible resolver la solicitud "css/themes/alertify.default.css"' in /var/www/html/carreras/yii/framework/web/CWebApplication.php:286
Stack trace:
#0 /var/www/html/carreras/yii/framework/web/CWebApplication.php(141): CWebApplication->runController('css/themes/aler...')
#1 /var/www/html/carreras/yii/framework/base/CApplication.php(169): CWebApplication->processRequest()
#2 /var/www/html/carreras/index.php(13): CApplication->run()
#3 {main}
REQUEST_URI=/carreras/css/themes/alertify.default.css
HTTP_REFERER=http://localhost/carreras/index.php/registros/create
---
2016/05/31 14:41:06 [error] [exception.CHttpException.404] exception 'CHttpException' with message 'No es posible resolver la solicitud "images/user-icon.png"' in /var/www/html/carreras/yii/framework/web/CWebApplication.php:286
Stack trace:
#0 /var/www/html/carreras/yii/framework/web/CWebApplication.php(141): CWebApplication->runController('images/user-ico...')
#1 /var/www/html/carreras/yii/framework/base/CApplication.php(169): CWebApplication->processRequest()
#2 /var/www/html/carreras/index.php(13): CApplication->run()
#3 {main}
REQUEST_URI=/carreras/index.php/images/user-icon.png
HTTP_REFERER=http://localhost/carreras/index.php/registros/create
---
2016/05/31 14:41:06 [error] [exception.CHttpException.404] exception 'CHttpException' with message 'No es posible resolver la solicitud "images/user-icon.png"' in /var/www/html/carreras/yii/framework/web/CWebApplication.php:286
Stack trace:
#0 /var/www/html/carreras/yii/framework/web/CWebApplication.php(141): CWebApplication->runController('images/user-ico...')
#1 /var/www/html/carreras/yii/framework/base/CApplication.php(169): CWebApplication->processRequest()
#2 /var/www/html/carreras/index.php(13): CApplication->run()
#3 {main}
REQUEST_URI=/carreras/index.php/images/user-icon.png
HTTP_REFERER=http://localhost/carreras/index.php/registros/create
---
2016/05/31 14:42:00 [error] [exception.CHttpException.404] exception 'CHttpException' with message 'No es posible resolver la solicitud "css/jquery-confirm.css"' in /var/www/html/carreras/yii/framework/web/CWebApplication.php:286
Stack trace:
#0 /var/www/html/carreras/yii/framework/web/CWebApplication.php(141): CWebApplication->runController('css/jquery-conf...')
#1 /var/www/html/carreras/yii/framework/base/CApplication.php(169): CWebApplication->processRequest()
#2 /var/www/html/carreras/index.php(13): CApplication->run()
#3 {main}
REQUEST_URI=/carreras/css/jquery-confirm.css
HTTP_REFERER=http://localhost/carreras/index.php/registros/create
---
2016/05/31 14:42:00 [error] [exception.CHttpException.404] exception 'CHttpException' with message 'No es posible resolver la solicitud "css/themes/alertify.core.css"' in /var/www/html/carreras/yii/framework/web/CWebApplication.php:286
Stack trace:
#0 /var/www/html/carreras/yii/framework/web/CWebApplication.php(141): CWebApplication->runController('css/themes/aler...')
#1 /var/www/html/carreras/yii/framework/base/CApplication.php(169): CWebApplication->processRequest()
#2 /var/www/html/carreras/index.php(13): CApplication->run()
#3 {main}
REQUEST_URI=/carreras/css/themes/alertify.core.css
HTTP_REFERER=http://localhost/carreras/index.php/registros/create
---
2016/05/31 14:42:00 [error] [exception.CHttpException.404] exception 'CHttpException' with message 'No es posible resolver la solicitud "css/themes/alertify.default.css"' in /var/www/html/carreras/yii/framework/web/CWebApplication.php:286
Stack trace:
#0 /var/www/html/carreras/yii/framework/web/CWebApplication.php(141): CWebApplication->runController('css/themes/aler...')
#1 /var/www/html/carreras/yii/framework/base/CApplication.php(169): CWebApplication->processRequest()
#2 /var/www/html/carreras/index.php(13): CApplication->run()
#3 {main}
REQUEST_URI=/carreras/css/themes/alertify.default.css
HTTP_REFERER=http://localhost/carreras/index.php/registros/create
---
2016/05/31 14:42:00 [error] [exception.CHttpException.404] exception 'CHttpException' with message 'No es posible resolver la solicitud "images/user-icon.png"' in /var/www/html/carreras/yii/framework/web/CWebApplication.php:286
Stack trace:
#0 /var/www/html/carreras/yii/framework/web/CWebApplication.php(141): CWebApplication->runController('images/user-ico...')
#1 /var/www/html/carreras/yii/framework/base/CApplication.php(169): CWebApplication->processRequest()
#2 /var/www/html/carreras/index.php(13): CApplication->run()
#3 {main}
REQUEST_URI=/carreras/index.php/images/user-icon.png
HTTP_REFERER=http://localhost/carreras/index.php/registros/create
---
2016/05/31 14:42:01 [error] [exception.CHttpException.404] exception 'CHttpException' with message 'No es posible resolver la solicitud "images/user-icon.png"' in /var/www/html/carreras/yii/framework/web/CWebApplication.php:286
Stack trace:
#0 /var/www/html/carreras/yii/framework/web/CWebApplication.php(141): CWebApplication->runController('images/user-ico...')
#1 /var/www/html/carreras/yii/framework/base/CApplication.php(169): CWebApplication->processRequest()
#2 /var/www/html/carreras/index.php(13): CApplication->run()
#3 {main}
REQUEST_URI=/carreras/index.php/images/user-icon.png
HTTP_REFERER=http://localhost/carreras/index.php/registros/create
---
2016/05/31 14:42:43 [error] [exception.CHttpException.404] exception 'CHttpException' with message 'No es posible resolver la solicitud "css/jquery-confirm.css"' in /var/www/html/carreras/yii/framework/web/CWebApplication.php:286
Stack trace:
#0 /var/www/html/carreras/yii/framework/web/CWebApplication.php(141): CWebApplication->runController('css/jquery-conf...')
#1 /var/www/html/carreras/yii/framework/base/CApplication.php(169): CWebApplication->processRequest()
#2 /var/www/html/carreras/index.php(13): CApplication->run()
#3 {main}
REQUEST_URI=/carreras/css/jquery-confirm.css
HTTP_REFERER=http://localhost/carreras/index.php/registros/create
---
2016/05/31 14:42:43 [error] [exception.CHttpException.404] exception 'CHttpException' with message 'No es posible resolver la solicitud "css/themes/alertify.core.css"' in /var/www/html/carreras/yii/framework/web/CWebApplication.php:286
Stack trace:
#0 /var/www/html/carreras/yii/framework/web/CWebApplication.php(141): CWebApplication->runController('css/themes/aler...')
#1 /var/www/html/carreras/yii/framework/base/CApplication.php(169): CWebApplication->processRequest()
#2 /var/www/html/carreras/index.php(13): CApplication->run()
#3 {main}
REQUEST_URI=/carreras/css/themes/alertify.core.css
HTTP_REFERER=http://localhost/carreras/index.php/registros/create
---
2016/05/31 14:42:43 [error] [exception.CHttpException.404] exception 'CHttpException' with message 'No es posible resolver la solicitud "css/themes/alertify.default.css"' in /var/www/html/carreras/yii/framework/web/CWebApplication.php:286
Stack trace:
#0 /var/www/html/carreras/yii/framework/web/CWebApplication.php(141): CWebApplication->runController('css/themes/aler...')
#1 /var/www/html/carreras/yii/framework/base/CApplication.php(169): CWebApplication->processRequest()
#2 /var/www/html/carreras/index.php(13): CApplication->run()
#3 {main}
REQUEST_URI=/carreras/css/themes/alertify.default.css
HTTP_REFERER=http://localhost/carreras/index.php/registros/create
---
2016/05/31 14:42:43 [error] [exception.CHttpException.404] exception 'CHttpException' with message 'No es posible resolver la solicitud "images/user-icon.png"' in /var/www/html/carreras/yii/framework/web/CWebApplication.php:286
Stack trace:
#0 /var/www/html/carreras/yii/framework/web/CWebApplication.php(141): CWebApplication->runController('images/user-ico...')
#1 /var/www/html/carreras/yii/framework/base/CApplication.php(169): CWebApplication->processRequest()
#2 /var/www/html/carreras/index.php(13): CApplication->run()
#3 {main}
REQUEST_URI=/carreras/index.php/images/user-icon.png
HTTP_REFERER=http://localhost/carreras/index.php/registros/create
---
2016/05/31 14:42:44 [error] [exception.CHttpException.404] exception 'CHttpException' with message 'No es posible resolver la solicitud "images/user-icon.png"' in /var/www/html/carreras/yii/framework/web/CWebApplication.php:286
Stack trace:
#0 /var/www/html/carreras/yii/framework/web/CWebApplication.php(141): CWebApplication->runController('images/user-ico...')
#1 /var/www/html/carreras/yii/framework/base/CApplication.php(169): CWebApplication->processRequest()
#2 /var/www/html/carreras/index.php(13): CApplication->run()
#3 {main}
REQUEST_URI=/carreras/index.php/images/user-icon.png
HTTP_REFERER=http://localhost/carreras/index.php/registros/create
---
2016/05/31 14:43:21 [warning] [application] Error al definir unsafe el atributo "carrera" de "Registros".
in /var/www/html/carreras/protected/controllers/RegistrosController.php (87)
in /var/www/html/carreras/index.php (13)
2016/05/31 14:43:21 [warning] [application] Error al definir unsafe el atributo "distancia" de "Registros".
in /var/www/html/carreras/protected/controllers/RegistrosController.php (87)
in /var/www/html/carreras/index.php (13)
2016/05/31 14:43:21 [warning] [application] Error al definir unsafe el atributo "sindicalizado" de "Registros".
in /var/www/html/carreras/protected/controllers/RegistrosController.php (87)
in /var/www/html/carreras/index.php (13)
2016/05/31 14:43:21 [warning] [application] Error al definir unsafe el atributo "sexo" de "Registros".
in /var/www/html/carreras/protected/controllers/RegistrosController.php (87)
in /var/www/html/carreras/index.php (13)
2016/05/31 14:43:21 [warning] [application] Error al definir unsafe el atributo "talla" de "Registros".
in /var/www/html/carreras/protected/controllers/RegistrosController.php (87)
in /var/www/html/carreras/index.php (13)
2016/05/31 14:43:21 [error] [exception.CHttpException.404] exception 'CHttpException' with message 'No es posible resolver la solicitud "css/jquery-confirm.css"' in /var/www/html/carreras/yii/framework/web/CWebApplication.php:286
Stack trace:
#0 /var/www/html/carreras/yii/framework/web/CWebApplication.php(141): CWebApplication->runController('css/jquery-conf...')
#1 /var/www/html/carreras/yii/framework/base/CApplication.php(169): CWebApplication->processRequest()
#2 /var/www/html/carreras/index.php(13): CApplication->run()
#3 {main}
REQUEST_URI=/carreras/css/jquery-confirm.css
HTTP_REFERER=http://localhost/carreras/index.php/registros/6644
---
2016/05/31 14:43:21 [error] [exception.CHttpException.404] exception 'CHttpException' with message 'No es posible resolver la solicitud "css/themes/alertify.default.css"' in /var/www/html/carreras/yii/framework/web/CWebApplication.php:286
Stack trace:
#0 /var/www/html/carreras/yii/framework/web/CWebApplication.php(141): CWebApplication->runController('css/themes/aler...')
#1 /var/www/html/carreras/yii/framework/base/CApplication.php(169): CWebApplication->processRequest()
#2 /var/www/html/carreras/index.php(13): CApplication->run()
#3 {main}
REQUEST_URI=/carreras/css/themes/alertify.default.css
HTTP_REFERER=http://localhost/carreras/index.php/registros/6644
---
2016/05/31 14:43:21 [error] [exception.CHttpException.404] exception 'CHttpException' with message 'No es posible resolver la solicitud "css/themes/alertify.core.css"' in /var/www/html/carreras/yii/framework/web/CWebApplication.php:286
Stack trace:
#0 /var/www/html/carreras/yii/framework/web/CWebApplication.php(141): CWebApplication->runController('css/themes/aler...')
#1 /var/www/html/carreras/yii/framework/base/CApplication.php(169): CWebApplication->processRequest()
#2 /var/www/html/carreras/index.php(13): CApplication->run()
#3 {main}
REQUEST_URI=/carreras/css/themes/alertify.core.css
HTTP_REFERER=http://localhost/carreras/index.php/registros/6644
---
2016/05/31 14:44:40 [error] [exception.CHttpException.404] exception 'CHttpException' with message 'No es posible resolver la solicitud "css/jquery-confirm.css"' in /var/www/html/carreras/yii/framework/web/CWebApplication.php:286
Stack trace:
#0 /var/www/html/carreras/yii/framework/web/CWebApplication.php(141): CWebApplication->runController('css/jquery-conf...')
#1 /var/www/html/carreras/yii/framework/base/CApplication.php(169): CWebApplication->processRequest()
#2 /var/www/html/carreras/index.php(13): CApplication->run()
#3 {main}
REQUEST_URI=/carreras/css/jquery-confirm.css
HTTP_REFERER=http://localhost/carreras/index.php/registros/index
---
2016/05/31 14:44:40 [error] [exception.CHttpException.404] exception 'CHttpException' with message 'No es posible resolver la solicitud "css/themes/alertify.default.css"' in /var/www/html/carreras/yii/framework/web/CWebApplication.php:286
Stack trace:
#0 /var/www/html/carreras/yii/framework/web/CWebApplication.php(141): CWebApplication->runController('css/themes/aler...')
#1 /var/www/html/carreras/yii/framework/base/CApplication.php(169): CWebApplication->processRequest()
#2 /var/www/html/carreras/index.php(13): CApplication->run()
#3 {main}
REQUEST_URI=/carreras/css/themes/alertify.default.css
HTTP_REFERER=http://localhost/carreras/index.php/registros/index
---
2016/05/31 14:44:40 [error] [exception.CHttpException.404] exception 'CHttpException' with message 'No es posible resolver la solicitud "css/themes/alertify.core.css"' in /var/www/html/carreras/yii/framework/web/CWebApplication.php:286
Stack trace:
#0 /var/www/html/carreras/yii/framework/web/CWebApplication.php(141): CWebApplication->runController('css/themes/aler...')
#1 /var/www/html/carreras/yii/framework/base/CApplication.php(169): CWebApplication->processRequest()
#2 /var/www/html/carreras/index.php(13): CApplication->run()
#3 {main}
REQUEST_URI=/carreras/css/themes/alertify.core.css
HTTP_REFERER=http://localhost/carreras/index.php/registros/index
---
2016/05/31 14:44:49 [error] [exception.CHttpException.404] exception 'CHttpException' with message 'No es posible resolver la solicitud "css/jquery-confirm.css"' in /var/www/html/carreras/yii/framework/web/CWebApplication.php:286
Stack trace:
#0 /var/www/html/carreras/yii/framework/web/CWebApplication.php(141): CWebApplication->runController('css/jquery-conf...')
#1 /var/www/html/carreras/yii/framework/base/CApplication.php(169): CWebApplication->processRequest()
#2 /var/www/html/carreras/index.php(13): CApplication->run()
#3 {main}
REQUEST_URI=/carreras/css/jquery-confirm.css
HTTP_REFERER=http://localhost/carreras/index.php/registros/CREATE
---
2016/05/31 14:44:49 [error] [exception.CHttpException.404] exception 'CHttpException' with message 'No es posible resolver la solicitud "css/themes/alertify.core.css"' in /var/www/html/carreras/yii/framework/web/CWebApplication.php:286
Stack trace:
#0 /var/www/html/carreras/yii/framework/web/CWebApplication.php(141): CWebApplication->runController('css/themes/aler...')
#1 /var/www/html/carreras/yii/framework/base/CApplication.php(169): CWebApplication->processRequest()
#2 /var/www/html/carreras/index.php(13): CApplication->run()
#3 {main}
REQUEST_URI=/carreras/css/themes/alertify.core.css
HTTP_REFERER=http://localhost/carreras/index.php/registros/CREATE
---
2016/05/31 14:44:49 [error] [exception.CHttpException.404] exception 'CHttpException' with message 'No es posible resolver la solicitud "css/themes/alertify.default.css"' in /var/www/html/carreras/yii/framework/web/CWebApplication.php:286
Stack trace:
#0 /var/www/html/carreras/yii/framework/web/CWebApplication.php(141): CWebApplication->runController('css/themes/aler...')
#1 /var/www/html/carreras/yii/framework/base/CApplication.php(169): CWebApplication->processRequest()
#2 /var/www/html/carreras/index.php(13): CApplication->run()
#3 {main}
REQUEST_URI=/carreras/css/themes/alertify.default.css
HTTP_REFERER=http://localhost/carreras/index.php/registros/CREATE
---
2016/05/31 14:44:49 [error] [exception.CHttpException.404] exception 'CHttpException' with message 'No es posible resolver la solicitud "images/user-icon.png"' in /var/www/html/carreras/yii/framework/web/CWebApplication.php:286
Stack trace:
#0 /var/www/html/carreras/yii/framework/web/CWebApplication.php(141): CWebApplication->runController('images/user-ico...')
#1 /var/www/html/carreras/yii/framework/base/CApplication.php(169): CWebApplication->processRequest()
#2 /var/www/html/carreras/index.php(13): CApplication->run()
#3 {main}
REQUEST_URI=/carreras/index.php/images/user-icon.png
HTTP_REFERER=http://localhost/carreras/index.php/registros/CREATE
---
2016/05/31 14:45:30 [warning] [application] Error al definir unsafe el atributo "carrera" de "Registros".
in /var/www/html/carreras/protected/controllers/RegistrosController.php (87)
in /var/www/html/carreras/index.php (13)
2016/05/31 14:45:30 [warning] [application] Error al definir unsafe el atributo "distancia" de "Registros".
in /var/www/html/carreras/protected/controllers/RegistrosController.php (87)
in /var/www/html/carreras/index.php (13)
2016/05/31 14:45:30 [warning] [application] Error al definir unsafe el atributo "sindicalizado" de "Registros".
in /var/www/html/carreras/protected/controllers/RegistrosController.php (87)
in /var/www/html/carreras/index.php (13)
2016/05/31 14:45:30 [warning] [application] Error al definir unsafe el atributo "sexo" de "Registros".
in /var/www/html/carreras/protected/controllers/RegistrosController.php (87)
in /var/www/html/carreras/index.php (13)
2016/05/31 14:45:30 [warning] [application] Error al definir unsafe el atributo "talla" de "Registros".
in /var/www/html/carreras/protected/controllers/RegistrosController.php (87)
in /var/www/html/carreras/index.php (13)
2016/05/31 14:45:30 [error] [exception.CHttpException.404] exception 'CHttpException' with message 'No es posible resolver la solicitud "css/jquery-confirm.css"' in /var/www/html/carreras/yii/framework/web/CWebApplication.php:286
Stack trace:
#0 /var/www/html/carreras/yii/framework/web/CWebApplication.php(141): CWebApplication->runController('css/jquery-conf...')
#1 /var/www/html/carreras/yii/framework/base/CApplication.php(169): CWebApplication->processRequest()
#2 /var/www/html/carreras/index.php(13): CApplication->run()
#3 {main}
REQUEST_URI=/carreras/css/jquery-confirm.css
HTTP_REFERER=http://localhost/carreras/index.php/registros/6645
---
2016/05/31 14:45:30 [error] [exception.CHttpException.404] exception 'CHttpException' with message 'No es posible resolver la solicitud "css/themes/alertify.core.css"' in /var/www/html/carreras/yii/framework/web/CWebApplication.php:286
Stack trace:
#0 /var/www/html/carreras/yii/framework/web/CWebApplication.php(141): CWebApplication->runController('css/themes/aler...')
#1 /var/www/html/carreras/yii/framework/base/CApplication.php(169): CWebApplication->processRequest()
#2 /var/www/html/carreras/index.php(13): CApplication->run()
#3 {main}
REQUEST_URI=/carreras/css/themes/alertify.core.css
HTTP_REFERER=http://localhost/carreras/index.php/registros/6645
---
2016/05/31 14:45:30 [error] [exception.CHttpException.404] exception 'CHttpException' with message 'No es posible resolver la solicitud "css/themes/alertify.default.css"' in /var/www/html/carreras/yii/framework/web/CWebApplication.php:286
Stack trace:
#0 /var/www/html/carreras/yii/framework/web/CWebApplication.php(141): CWebApplication->runController('css/themes/aler...')
#1 /var/www/html/carreras/yii/framework/base/CApplication.php(169): CWebApplication->processRequest()
#2 /var/www/html/carreras/index.php(13): CApplication->run()
#3 {main}
REQUEST_URI=/carreras/css/themes/alertify.default.css
HTTP_REFERER=http://localhost/carreras/index.php/registros/6645
---
